<?xml version="1.0" encoding="UTF-8"?>
<testsuites name="Home page checks" time="54.804" tests="3" failures="0" errors="0">
   <testsuite name="Home page checks" tests="3" failures="0" errors="0" time="54.804" skipped="0" timestamp="06-03-2025T01:18:32" hostname="asd - Ramachandra" id="Test Suites/Home page checks">
      <properties>
         <property name="deviceName" value=""/>
         <property name="devicePlatform"/>
         <property name="logFolder" value="C:\\Users\\asd\\git\\KatalonStudioExpertCertification\\Reports\\20250306_011816\\Home page checks\\20250306_011816"/>
         <property name="logFiles" value="C:\\Users\\asd\\git\\KatalonStudioExpertCertification\\Reports\\20250306_011816\\Home page checks\\20250306_011816\\execution0.log"/>
         <property name="attachments" value=""/>
         <property name="hostName" value="asd - Ramachandra"/>
         <property name="os" value="Windows 10 64bit"/>
         <property name="katalonVersion" value="10.1.0.223"/>
         <property name="browser" value="Chrome 122.0.6261.112"/>
         <property name="hostAddress" value="192.168.0.179"/>
         <property name="sessionId" value="cb51661205161a7d06d01a548d35170e"/>
         <property name="seleniumVersion" value="4.22.0"/>
         <property name="proxyInformation" value="ProxyInformation { proxyOption=NO_PROXY, proxyServerType=HTTP, username=, password=********, proxyServerAddress=, proxyServerPort=0, executionList=&quot;&quot;, isApplyToDesiredCapabilities=true }"/>
         <property name="platform" value="Windows 10"/>
      </properties>
      <testcase name="Test Cases/Verify API testing" time="21.312" classname="Test Cases/Verify API testing" status="PASSED">
         <system-out><![CDATA[06-03-2025T01:18:33 - [TEST_CASE][PASSED] - Test Cases/Verify API testing: Test Cases/Verify API testing

06-03-2025T01:18:34 - [TEST_STEP][PASSED] - callTestCase(findTestCase("Open website"), [:], STOP_ON_FAILURE): Call Test Case 'Test Cases/Open website' successfully

06-03-2025T01:18:35 - [TEST_CASE][PASSED] - Test Cases/Open website: Test Cases/Open website

06-03-2025T01:18:35 - [TEST_STEP][PASSED] - openBrowser("https://www.automationexercise.com"): Browser is opened with url: 'https://www.automationexercise.com'

06-03-2025T01:18:36 - [MESSAGE][INFO] - Starting 'Chrome' driver

06-03-2025T01:18:37 - [MESSAGE][INFO] - Action delay is set to 0 milliseconds

06-03-2025T01:18:53 - [MESSAGE][PASSED] - Browser is opened with url: 'https://www.automationexercise.com'

06-03-2025T01:18:53 - [MESSAGE][PASSED] - Call Test Case 'Test Cases/Open website' successfully

06-03-2025T01:18:53 - [TEST_STEP][PASSED] - verifyElementVisible(findTestObject("Page_Automation Exercise/a_API Testing")): Object 'Object Repository/Page_Automation Exercise/a_API Testing' is visible

06-03-2025T01:18:54 - [MESSAGE][PASSED] - Object 'Object Repository/Page_Automation Exercise/a_API Testing' is visible]]></system-out>
         <system-err><![CDATA[]]></system-err>
      </testcase>
      <testcase name="Test Cases/Verify Card available" time="14.655" classname="Test Cases/Verify Card available" status="PASSED">
         <system-out><![CDATA[06-03-2025T01:18:54 - [TEST_CASE][PASSED] - Test Cases/Verify Card available: Test Cases/Verify Card available

06-03-2025T01:18:55 - [TEST_STEP][PASSED] - callTestCase(findTestCase("Open website"), [:], STOP_ON_FAILURE): Call Test Case 'Test Cases/Open website' successfully

06-03-2025T01:18:55 - [TEST_CASE][PASSED] - Test Cases/Open website: Test Cases/Open website

06-03-2025T01:18:55 - [TEST_STEP][PASSED] - openBrowser("https://www.automationexercise.com"): Browser is opened with url: 'https://www.automationexercise.com'

06-03-2025T01:18:55 - [MESSAGE][WARNING] - A browser is already opened. Closing browser and opening a new one

06-03-2025T01:18:58 - [MESSAGE][INFO] - Starting 'Chrome' driver

06-03-2025T01:18:58 - [MESSAGE][INFO] - Action delay is set to 0 milliseconds

06-03-2025T01:19:08 - [MESSAGE][PASSED] - Browser is opened with url: 'https://www.automationexercise.com'

06-03-2025T01:19:08 - [MESSAGE][PASSED] - Call Test Case 'Test Cases/Open website' successfully

06-03-2025T01:19:08 - [TEST_STEP][PASSED] - verifyElementVisible(findTestObject("Page_Automation Exercise/a_Cart")): Object 'Object Repository/Page_Automation Exercise/a_Cart' is visible

06-03-2025T01:19:09 - [MESSAGE][PASSED] - Object 'Object Repository/Page_Automation Exercise/a_Cart' is visible]]></system-out>
         <system-err><![CDATA[]]></system-err>
      </testcase>
      <testcase name="Test Cases/Verify Contact Us" time="17.908" classname="Test Cases/Verify Contact Us" status="PASSED">
         <system-out><![CDATA[06-03-2025T01:19:09 - [TEST_CASE][PASSED] - Test Cases/Verify Contact Us: Test Cases/Verify Contact Us

06-03-2025T01:19:10 - [TEST_STEP][PASSED] - callTestCase(findTestCase("Open website"), [:], STOP_ON_FAILURE): Call Test Case 'Test Cases/Open website' successfully

06-03-2025T01:19:10 - [TEST_CASE][PASSED] - Test Cases/Open website: Test Cases/Open website

06-03-2025T01:19:10 - [TEST_STEP][PASSED] - openBrowser("https://www.automationexercise.com"): Browser is opened with url: 'https://www.automationexercise.com'

06-03-2025T01:19:10 - [MESSAGE][WARNING] - A browser is already opened. Closing browser and opening a new one

06-03-2025T01:19:11 - [MESSAGE][INFO] - Starting 'Chrome' driver

06-03-2025T01:19:11 - [MESSAGE][INFO] - Action delay is set to 0 milliseconds

06-03-2025T01:19:25 - [MESSAGE][PASSED] - Browser is opened with url: 'https://www.automationexercise.com'

06-03-2025T01:19:25 - [MESSAGE][PASSED] - Call Test Case 'Test Cases/Open website' successfully

06-03-2025T01:19:25 - [TEST_STEP][PASSED] - verifyElementVisible(findTestObject("Page_Automation Exercise/a_Contact us")): Object 'Object Repository/Page_Automation Exercise/a_Contact us' is visible

06-03-2025T01:19:27 - [MESSAGE][PASSED] - Object 'Object Repository/Page_Automation Exercise/a_Contact us' is visible]]></system-out>
         <system-err><![CDATA[]]></system-err>
      </testcase>
      <system-out><![CDATA[06-03-2025T01:18:32 - [TEST_SUITE][PASSED] - Home page checks: Test Cases/Verify Contact Us]]></system-out>
      <system-err><![CDATA[]]></system-err>
   </testsuite>
</testsuites>
